This is pdfTeX, Version 3.141592653-2.6-1.40.25 (TeX Live 2023/Debian) (preloaded format=pdflatex 2026.2.6)  6 FEB 2026 03:33
entering extended mode
 restricted \write18 enabled.
 %&-line parsing enabled.
**cafe_sim_report.tex
(./cafe_sim_report.tex
LaTeX2e <2023-11-01> patch level 1
L3 programming layer <2024-01-22>
(/usr/share/texlive/texmf-dist/tex/latex/base/article.cls
Document Class: article 2023/05/17 v1.4n Standard LaTeX document class
(/usr/share/texlive/texmf-dist/tex/latex/base/size11.clo
File: size11.clo 2023/05/17 v1.4n Standard LaTeX file (size option)
)
\c@part=\count187
\c@section=\count188
\c@subsection=\count189
\c@subsubsection=\count190
\c@paragraph=\count191
\c@subparagraph=\count192
\c@figure=\count193
\c@table=\count194
\abovecaptionskip=\skip48
\belowcaptionskip=\skip49
\bibindent=\dimen140
)
(/usr/share/texlive/texmf-dist/tex/latex/base/inputenc.sty
Package: inputenc 2021/02/14 v1.3d Input encoding file
\inpenc@prehook=\toks17
\inpenc@posthook=\toks18
)
(/usr/share/texlive/texmf-dist/tex/latex/amsmath/amsmath.sty
Package: amsmath 2023/05/13 v2.17o AMS math features
\@mathmargin=\skip50

For additional information on amsmath, use the `?' option.
(/usr/share/texlive/texmf-dist/tex/latex/amsmath/amstext.sty
Package: amstext 2021/08/26 v2.01 AMS text

(/usr/share/texlive/texmf-dist/tex/latex/amsmath/amsgen.sty
File: amsgen.sty 1999/11/30 v2.0 generic functions
\@emptytoks=\toks19
\ex@=\dimen141
))
(/usr/share/texlive/texmf-dist/tex/latex/amsmath/amsbsy.sty
Package: amsbsy 1999/11/29 v1.2d Bold Symbols
\pmbraise@=\dimen142
)
(/usr/share/texlive/texmf-dist/tex/latex/amsmath/amsopn.sty
Package: amsopn 2022/04/08 v2.04 operator names
)
\inf@bad=\count195
LaTeX Info: Redefining \frac on input line 234.
\uproot@=\count196
\leftroot@=\count197
LaTeX Info: Redefining \overline on input line 399.
LaTeX Info: Redefining \colon on input line 410.
\classnum@=\count198
\DOTSCASE@=\count199
LaTeX Info: Redefining \ldots on input line 496.
LaTeX Info: Redefining \dots on input line 499.
LaTeX Info: Redefining \cdots on input line 620.
\Mathstrutbox@=\box51
\strutbox@=\box52
LaTeX Info: Redefining \big on input line 722.
LaTeX Info: Redefining \Big on input line 723.
LaTeX Info: Redefining \bigg on input line 724.
LaTeX Info: Redefining \Bigg on input line 725.
\big@size=\dimen143
LaTeX Font Info:    Redeclaring font encoding OML on input line 743.
LaTeX Font Info:    Redeclaring font encoding OMS on input line 744.
\macc@depth=\count266
LaTeX Info: Redefining \bmod on input line 905.
LaTeX Info: Redefining \pmod on input line 910.
LaTeX Info: Redefining \smash on input line 940.
LaTeX Info: Redefining \relbar on input line 970.
LaTeX Info: Redefining \Relbar on input line 971.
\c@MaxMatrixCols=\count267
\dotsspace@=\muskip16
\c@parentequation=\count268
\dspbrk@lvl=\count269
\tag@help=\toks20
\row@=\count270
\column@=\count271
\maxfields@=\count272
\andhelp@=\toks21
\eqnshift@=\dimen144
\alignsep@=\dimen145
\tagshift@=\dimen146
\tagwidth@=\dimen147
\totwidth@=\dimen148
\lineht@=\dimen149
\@envbody=\toks22
\multlinegap=\skip51
\multlinetaggap=\skip52
\mathdisplay@stack=\toks23
LaTeX Info: Redefining \[ on input line 2953.
LaTeX Info: Redefining \] on input line 2954.
)
(/usr/share/texlive/texmf-dist/tex/latex/amsfonts/amssymb.sty
Package: amssymb 2013/01/14 v3.01 AMS font symbols

(/usr/share/texlive/texmf-dist/tex/latex/amsfonts/amsfonts.sty
Package: amsfonts 2013/01/14 v3.01 Basic AMSFonts support
\symAMSa=\mathgroup4
\symAMSb=\mathgroup5
LaTeX Font Info:    Redeclaring math symbol \hbar on input line 98.
LaTeX Font Info:    Overwriting math alphabet `\mathfrak' in version `bold'
(Font)                  U/euf/m/n --> U/euf/b/n on input line 106.
))
(/usr/share/texlive/texmf-dist/tex/latex/graphics/graphicx.sty
Package: graphicx 2021/09/16 v1.2d Enhanced LaTeX Graphics (DPC,SPQR)

(/usr/share/texlive/texmf-dist/tex/latex/graphics/keyval.sty
Package: keyval 2022/05/29 v1.15 key=value parser (DPC)
\KV@toks@=\toks24
)
(/usr/share/texlive/texmf-dist/tex/latex/graphics/graphics.sty
Package: graphics 2022/03/10 v1.4e Standard LaTeX Graphics (DPC,SPQR)

(/usr/share/texlive/texmf-dist/tex/latex/graphics/trig.sty
Package: trig 2021/08/11 v1.11 sin cos tan (DPC)
)
(/usr/share/texlive/texmf-dist/tex/latex/graphics-cfg/graphics.cfg
File: graphics.cfg 2016/06/04 v1.11 sample graphics configuration
)
Package graphics Info: Driver file: pdftex.def on input line 107.

(/usr/share/texlive/texmf-dist/tex/latex/graphics-def/pdftex.def
File: pdftex.def 2022/09/22 v1.2b Graphics/color driver for pdftex
))
\Gin@req@height=\dimen150
\Gin@req@width=\dimen151
)
(/usr/share/texlive/texmf-dist/tex/latex/tools/tabularx.sty
Package: tabularx 2023/07/08 v2.11c `tabularx' package (DPC)

(/usr/share/texlive/texmf-dist/tex/latex/tools/array.sty
Package: array 2023/10/16 v2.5g Tabular extension package (FMi)
\col@sep=\dimen152
\ar@mcellbox=\box53
\extrarowheight=\dimen153
\NC@list=\toks25
\extratabsurround=\skip53
\backup@length=\skip54
\ar@cellbox=\box54
)
\TX@col@width=\dimen154
\TX@old@table=\dimen155
\TX@old@col=\dimen156
\TX@target=\dimen157
\TX@delta=\dimen158
\TX@cols=\count273
\TX@ftn=\toks26
)
(/usr/share/texlive/texmf-dist/tex/latex/geometry/geometry.sty
Package: geometry 2020/01/02 v5.9 Page Geometry

(/usr/share/texlive/texmf-dist/tex/generic/iftex/ifvtex.sty
Package: ifvtex 2019/10/25 v1.7 ifvtex legacy package. Use iftex instead.

(/usr/share/texlive/texmf-dist/tex/generic/iftex/iftex.sty
Package: iftex 2022/02/03 v1.0f TeX engine tests
))
\Gm@cnth=\count274
\Gm@cntv=\count275
\c@Gm@tempcnt=\count276
\Gm@bindingoffset=\dimen159
\Gm@wd@mp=\dimen160
\Gm@odd@mp=\dimen161
\Gm@even@mp=\dimen162
\Gm@layoutwidth=\dimen163
\Gm@layoutheight=\dimen164
\Gm@layouthoffset=\dimen165
\Gm@layoutvoffset=\dimen166
\Gm@dimlist=\toks27
)
(/usr/share/texlive/texmf-dist/tex/latex/l3backend/l3backend-pdftex.def
File: l3backend-pdftex.def 2024-01-04 L3 backend support: PDF output (pdfTeX)
\l__color_backend_stack_int=\count277
\l__pdf_internal_box=\box55
)
(./cafe_sim_report.aux)
\openout1 = `cafe_sim_report.aux'.

LaTeX Font Info:    Checking defaults for OML/cmm/m/it on input line 15.
LaTeX Font Info:    ... okay on input line 15.
LaTeX Font Info:    Checking defaults for OMS/cmsy/m/n on input line 15.
LaTeX Font Info:    ... okay on input line 15.
LaTeX Font Info:    Checking defaults for OT1/cmr/m/n on input line 15.
LaTeX Font Info:    ... okay on input line 15.
LaTeX Font Info:    Checking defaults for T1/cmr/m/n on input line 15.
LaTeX Font Info:    ... okay on input line 15.
LaTeX Font Info:    Checking defaults for TS1/cmr/m/n on input line 15.
LaTeX Font Info:    ... okay on input line 15.
LaTeX Font Info:    Checking defaults for OMX/cmex/m/n on input line 15.
LaTeX Font Info:    ... okay on input line 15.
LaTeX Font Info:    Checking defaults for U/cmr/m/n on input line 15.
LaTeX Font Info:    ... okay on input line 15.

(/usr/share/texlive/texmf-dist/tex/context/base/mkii/supp-pdf.mkii
[Loading MPS to PDF converter (version 2006.09.02).]
\scratchcounter=\count278
\scratchdimen=\dimen167
\scratchbox=\box56
\nofMPsegments=\count279
\nofMParguments=\count280
\everyMPshowfont=\toks28
\MPscratchCnt=\count281
\MPscratchDim=\dimen168
\MPnumerator=\count282
\makeMPintoPDFobject=\count283
\everyMPtoPDFconversion=\toks29
) (/usr/share/texlive/texmf-dist/tex/latex/epstopdf-pkg/epstopdf-base.sty
Package: epstopdf-base 2020-01-24 v2.11 Base part for package epstopdf
Package epstopdf-base Info: Redefining graphics rule for `.eps' on input line 4
85.

(/usr/share/texlive/texmf-dist/tex/latex/latexconfig/epstopdf-sys.cfg
File: epstopdf-sys.cfg 2010/07/13 v1.3 Configuration of (r)epstopdf for TeX Liv
e
))
*geometry* driver: auto-detecting
*geometry* detected driver: pdftex
*geometry* verbose mode - [ preamble ] result:
* driver: pdftex
* paper: a4paper
* layout: <same size as paper>
* layoutoffset:(h,v)=(0.0pt,0.0pt)
* modes: 
* h-part:(L,W,R)=(71.13188pt, 455.24411pt, 71.13188pt)
* v-part:(T,H,B)=(71.13188pt, 702.78308pt, 71.13188pt)
* \paperwidth=597.50787pt
* \paperheight=845.04684pt
* \textwidth=455.24411pt
* \textheight=702.78308pt
* \oddsidemargin=-1.1381pt
* \evensidemargin=-1.1381pt
* \topmargin=-38.1381pt
* \headheight=12.0pt
* \headsep=25.0pt
* \topskip=11.0pt
* \footskip=30.0pt
* \marginparwidth=50.0pt
* \marginparsep=10.0pt
* \columnsep=10.0pt
* \skip\footins=10.0pt plus 4.0pt minus 2.0pt
* \hoffset=0.0pt
* \voffset=0.0pt
* \mag=1000
* \@twocolumnfalse
* \@twosidefalse
* \@mparswitchfalse
* \@reversemarginfalse
* (1in=72.27pt=25.4mm, 1cm=28.453pt)

(./cafe_sim_report.toc
LaTeX Font Info:    Trying to load font information for U+msa on input line 5.

(/usr/share/texlive/texmf-dist/tex/latex/amsfonts/umsa.fd
File: umsa.fd 2013/01/14 v3.01 AMS symbols A
)
LaTeX Font Info:    Trying to load font information for U+msb on input line 5.

(/usr/share/texlive/texmf-dist/tex/latex/amsfonts/umsb.fd
File: umsb.fd 2013/01/14 v3.01 AMS symbols B
))
\tf@toc=\write3
\openout3 = `cafe_sim_report.toc'.


(./cafe_sim_report.lot)
\tf@lot=\write4
\openout4 = `cafe_sim_report.lot'.

 (./cafe_sim_report.lof [1

{/var/lib/texmf/fonts/map/pdftex/updmap/pdftex.map}])
\tf@lof=\write5
\openout5 = `cafe_sim_report.lof'.

 [2] [3]
Overfull \hbox (90.57959pt too wide) in paragraph at lines 95--96
[]\OT1/cmr/m/n/10.95 Maven An-a-lyt-ics (Cof-fee Shop Sales): []\OT1/cmtt/m/n/1
0.95 https://mavenanalytics.io/data-playground/coffee-shop-sales[] 
 []


Overfull \hbox (6.32578pt too wide) in paragraph at lines 96--97
[]\OT1/cmr/m/n/10.95 Hugging Face (Cof-feeSales): []\OT1/cmtt/m/n/10.95 https:/
/huggingface.co/datasets/tablegpt/CoffeeSales[] 
 []


Overfull \hbox (97.81828pt too wide) in paragraph at lines 97--98
[]\OT1/cmr/m/n/10.95 Kaggle (Cof-fee Sales Dataset): []\OT1/cmtt/m/n/10.95 http
s://www.kaggle.com/datasets/saadaliyaseen/coffee-sales-dataset[] 
 []

[4]
! Missing $ inserted.
<inserted text> 
                $
l.135 \end{tabularx}
                    
I've inserted a begin-math/end-math symbol since I think
you left one out. Proceed, with fingers crossed.

! Missing $ inserted.
<inserted text> 
                $
l.135 \end{tabularx}
                    
I've inserted a begin-math/end-math symbol since I think
you left one out. Proceed, with fingers crossed.

! Missing $ inserted.
<inserted text> 
                $
l.135 \end{tabularx}
                    
I've inserted a begin-math/end-math symbol since I think
you left one out. Proceed, with fingers crossed.

! Missing $ inserted.
<inserted text> 
                $
l.135 \end{tabularx}
                    
I've inserted a begin-math/end-math symbol since I think
you left one out. Proceed, with fingers crossed.

! Missing $ inserted.
<inserted text> 
                $
l.135 \end{tabularx}
                    
I've inserted a begin-math/end-math symbol since I think
you left one out. Proceed, with fingers crossed.

! Missing $ inserted.
<inserted text> 
                $
l.135 \end{tabularx}
                    
I've inserted a begin-math/end-math symbol since I think
you left one out. Proceed, with fingers crossed.


Overfull \hbox (4.86667pt too wide) in paragraph at lines 122--147
  $[]$ 
 []


Overfull \hbox (65.7013pt too wide) in paragraph at lines 170--179
 [][] 
 []


LaTeX Warning: `h' float specifier changed to `ht'.

[5]
<../output/maven_coffee_shop_sales_waits_abandonment.png, id=30, 867.24pt x 867
.24pt>
File: ../output/maven_coffee_shop_sales_waits_abandonment.png Graphic file (typ
e png)
<use ../output/maven_coffee_shop_sales_waits_abandonment.png>
Package pdftex.def Info: ../output/maven_coffee_shop_sales_waits_abandonment.pn
g  used on input line 188.
(pdftex.def)             Requested size: 432.48051pt x 432.48091pt.


LaTeX Warning: `h' float specifier changed to `ht'.

<../output/maven_coffee_shop_sales_prep_utilization.png, id=32, 867.24pt x 289.
08pt>
File: ../output/maven_coffee_shop_sales_prep_utilization.png Graphic file (type
 png)
<use ../output/maven_coffee_shop_sales_prep_utilization.png>
Package pdftex.def Info: ../output/maven_coffee_shop_sales_prep_utilization.png
  used on input line 194.
(pdftex.def)             Requested size: 432.48051pt x 144.1603pt.

LaTeX Warning: `h' float specifier changed to `ht'.

<../output/maven_coffee_shop_sales_pickup_wait.png, id=33, 867.24pt x 289.08pt>

File: ../output/maven_coffee_shop_sales_pickup_wait.png Graphic file (type png)

<use ../output/maven_coffee_shop_sales_pickup_wait.png>
Package pdftex.def Info: ../output/maven_coffee_shop_sales_pickup_wait.png  use
d on input line 200.
(pdftex.def)             Requested size: 432.48051pt x 144.1603pt.

LaTeX Warning: `h' float specifier changed to `ht'.

<../output/huggingface_coffeesales_waits_abandonment.png, id=34, 867.24pt x 867
.24pt>
File: ../output/huggingface_coffeesales_waits_abandonment.png Graphic file (typ
e png)
<use ../output/huggingface_coffeesales_waits_abandonment.png>
Package pdftex.def Info: ../output/huggingface_coffeesales_waits_abandonment.pn
g  used on input line 207.
(pdftex.def)             Requested size: 432.48051pt x 432.48091pt.

LaTeX Warning: `h' float specifier changed to `ht'.

<../output/huggingface_coffeesales_prep_utilization.png, id=35, 867.24pt x 289.
08pt>
File: ../output/huggingface_coffeesales_prep_utilization.png Graphic file (type
 png)
<use ../output/huggingface_coffeesales_prep_utilization.png>
Package pdftex.def Info: ../output/huggingface_coffeesales_prep_utilization.png
  used on input line 213.
(pdftex.def)             Requested size: 432.48051pt x 144.1603pt.

LaTeX Warning: `h' float specifier changed to `ht'.

<../output/huggingface_coffeesales_pickup_wait.png, id=36, 867.24pt x 289.08pt>

File: ../output/huggingface_coffeesales_pickup_wait.png Graphic file (type png)

<use ../output/huggingface_coffeesales_pickup_wait.png>
Package pdftex.def Info: ../output/huggingface_coffeesales_pickup_wait.png  use
d on input line 219.
(pdftex.def)             Requested size: 432.48051pt x 144.1603pt.

LaTeX Warning: `h' float specifier changed to `ht'.

<../output/kaggle_coffee_sales_dataset_waits_abandonment.png, id=37, 867.24pt x
 867.24pt>
File: ../output/kaggle_coffee_sales_dataset_waits_abandonment.png Graphic file 
(type png)
<use ../output/kaggle_coffee_sales_dataset_waits_abandonment.png>
Package pdftex.def Info: ../output/kaggle_coffee_sales_dataset_waits_abandonmen
t.png  used on input line 226.
(pdftex.def)             Requested size: 432.48051pt x 432.48091pt.

LaTeX Warning: `h' float specifier changed to `ht'.

<../output/kaggle_coffee_sales_dataset_prep_utilization.png, id=38, 867.24pt x 
289.08pt>
File: ../output/kaggle_coffee_sales_dataset_prep_utilization.png Graphic file (
type png)
<use ../output/kaggle_coffee_sales_dataset_prep_utilization.png>
Package pdftex.def Info: ../output/kaggle_coffee_sales_dataset_prep_utilization
.png  used on input line 232.
(pdftex.def)             Requested size: 432.48051pt x 144.1603pt.

LaTeX Warning: `h' float specifier changed to `ht'.

<../output/kaggle_coffee_sales_dataset_pickup_wait.png, id=39, 867.24pt x 289.0
8pt>
File: ../output/kaggle_coffee_sales_dataset_pickup_wait.png Graphic file (type 
png)
<use ../output/kaggle_coffee_sales_dataset_pickup_wait.png>
Package pdftex.def Info: ../output/kaggle_coffee_sales_dataset_pickup_wait.png 
 used on input line 238.
(pdftex.def)             Requested size: 432.48051pt x 144.1603pt.

LaTeX Warning: `h' float specifier changed to `ht'.

[6] [7 <../output/maven_coffee_shop_sales_waits_abandonment.png> <../output/mav
en_coffee_shop_sales_prep_utilization.png>] [8 <../output/maven_coffee_shop_sal
es_pickup_wait.png> <../output/huggingface_coffeesales_waits_abandonment.png>]
[9 <../output/huggingface_coffeesales_prep_utilization.png> <../output/huggingf
ace_coffeesales_pickup_wait.png>] [10 <../output/kaggle_coffee_sales_dataset_wa
its_abandonment.png> <../output/kaggle_coffee_sales_dataset_prep_utilization.pn
g>] [11 <../output/kaggle_coffee_sales_dataset_pickup_wait.png>] [12

]
(./cafe_sim_report.aux)
 ***********
LaTeX2e <2023-11-01> patch level 1
L3 programming layer <2024-01-22>
 ***********
 ) 
Here is how much of TeX's memory you used:
 3369 strings out of 476182
 52874 string characters out of 5795596
 1941975 words of memory out of 5000000
 25341 multiletter control sequences out of 15000+600000
 566789 words of font info for 70 fonts, out of 8000000 for 9000
 14 hyphenation exceptions out of 8191
 57i,11n,65p,530b,240s stack positions out of 10000i,1000n,20000p,200000b,200000s
 </home/gcarvalho/.texlive2023/texmf-var/fonts/pk/ljfour/jknappen/ec/tcrm1095
.600pk></usr/share/texlive/texmf-dist/fonts/type1/public/amsfonts/cm/cmbx10.pfb
></usr/share/texlive/texmf-dist/fonts/type1/public/amsfonts/cm/cmbx12.pfb></usr
/share/texlive/texmf-dist/fonts/type1/public/amsfonts/cm/cmmi10.pfb></usr/share
/texlive/texmf-dist/fonts/type1/public/amsfonts/cm/cmmi8.pfb></usr/share/texliv
e/texmf-dist/fonts/type1/public/amsfonts/cm/cmr10.pfb></usr/share/texlive/texmf
-dist/fonts/type1/public/amsfonts/cm/cmr8.pfb></usr/share/texlive/texmf-dist/fo
nts/type1/public/amsfonts/cm/cmsy10.pfb></usr/share/texlive/texmf-dist/fonts/ty
pe1/public/amsfonts/cm/cmti10.pfb></usr/share/texlive/texmf-dist/fonts/type1/pu
blic/amsfonts/cm/cmtt10.pfb>
Output written on cafe_sim_report.pdf (12 pages, 837549 bytes).
PDF statistics:
 116 PDF objects out of 1000 (max. 8388607)
 64 compressed objects within 1 object stream
 0 named destinations out of 1000 (max. 500000)
 46 words of extra memory for PDF output out of 10000 (max. 10000000)

